<?xml version="1.0" encoding="UTF-8"?>
<coverage generated="1713373140403" clover="3.2.0">
  <project timestamp="1713373140403" name="All files">
    <metrics statements="14" coveredstatements="4" conditionals="0" coveredconditionals="0" methods="5" coveredmethods="0" elements="19" coveredelements="4" complexity="0" loc="14" ncloc="14" packages="1" files="1" classes="1"/>
    <file name="youtube.ts" path="/Users/joshgonzalez/Desktop/Lang2Views/lang2views/lang2views-backend/src/youtube.ts">
      <metrics statements="14" coveredstatements="4" conditionals="0" coveredconditionals="0" methods="5" coveredmethods="0"/>
      <line num="1" count="1" type="stmt"/>
      <line num="2" count="1" type="stmt"/>
      <line num="3" count="1" type="stmt"/>
      <line num="6" count="1" type="stmt"/>
      <line num="8" count="0" type="stmt"/>
      <line num="11" count="0" type="stmt"/>
      <line num="12" count="0" type="stmt"/>
      <line num="13" count="0" type="stmt"/>
      <line num="15" count="0" type="stmt"/>
      <line num="16" count="0" type="stmt"/>
      <line num="18" count="0" type="stmt"/>
      <line num="23" count="0" type="stmt"/>
      <line num="24" count="0" type="stmt"/>
      <line num="25" count="0" type="stmt"/>
    </file>
  </project>
</coverage>
